C51 COMPILER V9.60.0.0   CHOASHENGBO                                                       08/05/2023 17:27:07 PAGE 1   


C51 COMPILER V9.60.0.0, COMPILATION OF MODULE CHOASHENGBO
OBJECT MODULE PLACED IN .\Objects\choashengbo.obj
COMPILER INVOKED BY: C:\Keil_v5\C51\BIN\C51.EXE choashengbo.c OPTIMIZE(8,SPEED) BROWSE DEBUG OBJECTEXTEND PRINT(.\Listin
                    -gs\choashengbo.lst) OBJECT(.\Objects\choashengbo.obj)

line level    source

   1          #include <REG52.H>
   2          #include <intrins.h>
   3          #include "car.h"
   4          #include "xunji.h"
   5          
   6          
   7          
   8          sbit Trig = P0^6;   //超声波测距发射位点
   9          sbit Echo = P0^5;   //超声波测距接收位点
  10          
  11          unsigned int sum;   //超声波测距结果
  12          unsigned int mindistance = 20;    //小车与障碍物的限制距离
  13          
  14          void Delay1000ms()              //@11.0592MHz
  15          {
  16   1              unsigned char i, j, k;
  17   1      
  18   1              _nop_();
  19   1              i = 8;
  20   1              j = 1;
  21   1              k = 243;
  22   1              do
  23   1              {
  24   2                      do
  25   2                      {
  26   3                              while (--k);
  27   3                      } while (--j);
  28   2              } while (--i);
  29   1      }
  30          void Delay20us ()               //@11.0592MHz
  31          {
  32   1              unsigned char i;
  33   1      
  34   1              _nop_();
  35   1              i = 6;
  36   1              while (--i);
  37   1      }
  38          void chaoshengbo ()   //超声波测距程序
  39          {
  40   1              TMOD = 0x11;   //设置定时器的模式
  41   1              TL1  = 0;      //设置定时器初始值
  42   1              TH1  = 0;      //设置定时初始值
  43   1              
  44   1              
  45   1              Trig = 1;   //发射脉冲至少20us
  46   1              Delay20us();
  47   1              Trig = 0;
  48   1              
  49   1              while(!Echo);  //等待超声波模块的返回脉冲
  50   1              TR1 = 1;        //打开定时器
  51   1              while(Echo);   //等待超声波模块的返回脉冲结束
  52   1              TR1 = 0;    //停止定时器，计时结束
  53   1              
  54   1              sum = ((TH1*256+TL1)*0.034)/2+1;    //计算距离
C51 COMPILER V9.60.0.0   CHOASHENGBO                                                       08/05/2023 17:27:07 PAGE 2   

  55   1              
  56   1              if (mindistance > sum)
  57   1              {
  58   2                      car_stop ();
  59   2                      Delay1000ms();
  60   2              }
  61   1      
  62   1      }


MODULE INFORMATION:   STATIC OVERLAYABLE
   CODE SIZE        =    118    ----
   CONSTANT SIZE    =   ----    ----
   XDATA SIZE       =   ----    ----
   PDATA SIZE       =   ----    ----
   DATA SIZE        =      4    ----
   IDATA SIZE       =   ----    ----
   BIT SIZE         =   ----    ----
END OF MODULE INFORMATION.


C51 COMPILATION COMPLETE.  0 WARNING(S),  0 ERROR(S)
