C51 COMPILER V9.60.7.0   XUNJI                                                             08/24/2023 11:46:55 PAGE 1   


C51 COMPILER V9.60.7.0, COMPILATION OF MODULE XUNJI
OBJECT MODULE PLACED IN .\Objects\xunji.obj
COMPILER INVOKED BY: C:\Keil_v5\C51\BIN\C51.EXE xunji.c OPTIMIZE(8,SPEED) BROWSE DEBUG OBJECTEXTEND PRINT(.\Listings\xun
                    -ji.lst) TABS(2) OBJECT(.\Objects\xunji.obj)

line level    source

   1          #include <REGX52.H>
   2          #include <intrins.h>
   3          #include "car.h"
   4          #include "xunji.h"
   5          
   6          sbit D1 = P0^0;
   7          sbit D2 = P0^1;
   8          sbit D3 = P0^2;
   9          sbit D4 = P0^3;
  10          int lineflag = 0;
  11          int counter = 0;
  12          
  13          void Delay50ms ()   //@11.0952MHz
  14          {
  15   1        unsigned char i,j;
  16   1        
  17   1        i = 90;
  18   1        j = 163;
  19   1        do
  20   1        {while  (--j);
  21   2        }while  (--i);
  22   1      }
  23          
  24          void delaymicroseconds(unsigned int micro)
  25          {
  26   1         while(micro--) {
  27   2              _nop_();
  28   2              _nop_();
  29   2              _nop_();
  30   2              _nop_();
  31   2          } 
  32   1      //    unsigned char i;  //miliseconds
  33   1      
  34   1      //  while (micro--) {
  35   1      //    for (i = 0; i < 120; i++);
  36   1      //  }
  37   1      }
  38          void xunji ()
  39          {
  40   1        if(D1==1&&D2==1&&D3==1&&D4==1)//È«²¿¼ì²âµ½ºÚÏß
  41   1        {car_go ();}
  42   1        if(D1==0&&D2==0&&D3==1&&D4==0)//ÏòÓÒÎ¢µ÷
  43   1        {
  44   2          
  45   2          car_rightgo ();
  46   2        
  47   2          if(D1==0&&D2==0&&D3==0&&D4==0)
  48   2          {car_go ();}
  49   2        }
  50   1        if(D1==0&&D2==1&&D3==0&&D4==0)//Ïò×óÎ¢µ÷
  51   1        {
  52   2          car_stop ();
  53   2          car_leftgo ();
  54   2          Delay50ms ();
C51 COMPILER V9.60.7.0   XUNJI                                                             08/24/2023 11:46:55 PAGE 2   

  55   2          if(D1==0&&D2==0&&D3==0&&D4==0)
  56   2          {car_go ();}
  57   2        }
  58   1        if(D1==1&&D2==1&&D3==0&&D4==0)//Ö±½Ç×ó¹Õ
  59   1        {
  60   2          car_go ();
  61   2          Delay50ms ();
  62   2          if(D1==0&&D2==0&&D3==0&&D4==0)
  63   2          {
  64   3            car_stop ();
  65   3            Delay50ms ();
  66   3            car_leftstop ();
  67   3          }
  68   2        }
  69   1        if(D1==0&&D2==0&&D3==1&&D4==1)//Ö±½ÇÓÒ¹Õ
  70   1        {
  71   2          car_go ();
  72   2          Delay50ms ();
  73   2          if(D1==0&&D2==0&&D3==0&&D4==0)
  74   2          {
  75   3            car_stop ();
  76   3            Delay50ms ();
  77   3            car_rightstop ();
  78   3          }
  79   2        }
  80   1        if((D1==1&&D2==0&&D3==0&&D4==0)||(D1==1&&D2==1&&D3==0&&D4==0)||(D1==1&&D2==1&&D3==1&&D4==0))//Èñ½Ç×ó¹Õ
  81   1        {
  82   2          car_go ();
  83   2          Delay50ms();
  84   2          if(D1==0&&D2==0&&D3==0&&D4==0)
  85   2          {
  86   3            car_stop ();
  87   3            Delay50ms ();
  88   3            car_leftstop ();
  89   3          }
  90   2        }
  91   1        if((D1==0&&D2==0&&D3==0&&D4==1)||(D1==0&&D2==0&&D3==1&&D4==1)||(D1==0&&D2==1&&D3==1&&D4==1))//Èñ½ÇÓÒ¹Õ
  92   1        {
  93   2          car_go ();
  94   2          Delay50ms();
  95   2          if(D1==0&&D2==0&&D3==0&&D4==0)
  96   2          {
  97   3            car_stop ();
  98   3            Delay50ms ();
  99   3            car_rightstop ();
 100   3          }
 101   2        }
 102   1        if(D1==0&&D2==1&&D3==1&&D4==0)
 103   1        {
 104   2          if(D4==1)
 105   2          {
 106   3            car_rightstop ();
 107   3          }
 108   2        }
 109   1        
 110   1        if(D1==0&&D2==1&&D3==1&&D4==0)
 111   1        {
 112   2          if(D1==1)
 113   2          {
 114   3            car_leftstop ();
 115   3          }
 116   2        }
C51 COMPILER V9.60.7.0   XUNJI                                                             08/24/2023 11:46:55 PAGE 3   

 117   1      }
 118          
 119          void jiuzheng(){
 120   1            while(!(D1==0&&D2==0&&D3==0&&D4==0)){
 121   2              if(D1==0&&D2==0&&D3==1&&D4==0 || D1==0&&D2==0&&D3==0&&D4==1 || D1==0&&D2==0&&D3==1&&D4==1 || D1==0&&D2
             -==1&&D3==1&&D4==1)  {
 122   3                car_rightstop2();
 123   3              //delaymicroseconds(5000);
 124   3              }
 125   2              else if(D1==0&&D2==1&&D3==0&&D4==0 || D1==1&&D2==0&&D3==0&&D4==0 || D1==1&&D2==1&&D3==0&&D4==0 || D1==
             -1&&D2==1&&D3==1&&D4==0) {
 126   3                car_leftstop2();
 127   3                //delaymicroseconds(5000);
 128   3              } 
 129   2            }
 130   1      }
 131          
 132          void linefollow(){  //black = 1, white = 0
 133   1        if((D1==0&&D2==0&&D3==0&&D4==0 || D1==1&&D2==1&&D3==1&&D4==1) && !lineflag) car_go();
 134   1        else if((D1==0&&D2==0&&D3==1&&D4==0) && !lineflag){
 135   2            car_rightstop();
 136   2        }
 137   1        else if((D1==0&&D2==1&&D3==0&&D4==0) && !lineflag){
 138   2            car_leftstop();
 139   2        }
 140   1        else if((D1==1&&D2==0&&D3==1&&D4==0 || D1==0&&D2==1&&D3==1&&D4==0) && !lineflag){ //ramp climbing
 141   2          car_go_manual();
 142   2        }
 143   1        else if(D1==1&&D2==1&&D3==0&&D4==0 || D1==1&&D2==1&&D3==1&&D4==0 || D1==1&&D2==0&&D3==0&&D4==0){
 144   2          while(D1==0&&D2==0&&D3==1&&D4==1 || D1==0&&D2==1&&D3==1&&D4==1 || D1==0&&D2==0&&D3==0&&D4==1 || D1==0&&D
             -2==0&&D3==1&&D4==0){
 145   3            car_go();
 146   3            lineflag = 1;
 147   3            if(D1==0&&D2==0&&D3==0&&D4==0) break;
 148   3          }
 149   2          delaymicroseconds(6000);  //5000
 150   2          if(D1==0&&D2==0&&D3==0&&D4==0){
 151   3            //car_stop();
 152   3            //delaymicroseconds(10000);
 153   3            while(D1==0&&D2==0&&D3==0&&D4==0 || D1==1&&D2==0&&D3==0&&D4==0 || D1==1&&D2==1&&D3==0&&D4==0){
 154   4              car_leftstop2();
 155   4              //LED7 = 1;
 156   4            }
 157   3            //LED7 = 0;
 158   3            lineflag = 0;
 159   3          }
 160   2          else lineflag = 0;
 161   2        }
 162   1      
 163   1        else if(D1==0&&D2==0&&D3==1&&D4==1 || D1==0&&D2==1&&D3==1&&D4==1 || D1==0&&D2==0&&D3==0&&D4==1){
 164   2          while(D1==0&&D2==0&&D3==1&&D4==1 || D1==0&&D2==1&&D3==1&&D4==1 || D1==0&&D2==0&&D3==0&&D4==1 || D1==0&&D
             -2==0&&D3==1&&D4==0){
 165   3            car_go();
 166   3            lineflag = 1;
 167   3          if(D1==0&&D2==0&&D3==0&&D4==0) break;
 168   3          }
 169   2            delaymicroseconds(6000);  //5000
 170   2          if(D1==0&&D2==0&&D3==0&&D4==0){
 171   3            //car_stop();
 172   3            //delaymicroseconds(10000);
 173   3            while(D1==0&&D2==0&&D3==0&&D4==0 || D1==0&&D2==0&&D3==0&&D4==1 || D1==0&&D2==0&&D3==1&&D4==1){
 174   4              car_rightstop2();
C51 COMPILER V9.60.7.0   XUNJI                                                             08/24/2023 11:46:55 PAGE 4   

 175   4              //LED7 = 1;
 176   4            }
 177   3            //LED7 = 0;
 178   3            lineflag = 0;
 179   3          }
 180   2          else lineflag = 0;
 181   2        }
 182   1        else car_stop();
 183   1      }
 184          
 185          void avoidance(){
 186   1        car_leftstop();
 187   1        delaymicroseconds(10000);
 188   1        car_go();
 189   1        delaymicroseconds(12000);
 190   1        car_rightstop();
 191   1        delaymicroseconds(10000);
 192   1        car_go();
 193   1        delaymicroseconds(20000);
 194   1        car_rightstop();
 195   1        delaymicroseconds(12000);
 196   1        /*while(D1==0&&D2==0&&D3==0&&D4==0)*/ car_go();
 197   1        delaymicroseconds(12000);
 198   1        while(D1==0&&D2==0&&D3==0&&D4==0 || D1==1&&D2==0&&D3==0&&D4==0 || D1==1&&D2==1&&D3==0&&D4==0) car_leftsto
             -p();
 199   1      }


MODULE INFORMATION:   STATIC OVERLAYABLE
   CODE SIZE        =   1038    ----
   CONSTANT SIZE    =   ----    ----
   XDATA SIZE       =   ----    ----
   PDATA SIZE       =   ----    ----
   DATA SIZE        =      4    ----
   IDATA SIZE       =   ----    ----
   BIT SIZE         =   ----    ----
END OF MODULE INFORMATION.


C51 COMPILATION COMPLETE.  0 WARNING(S),  0 ERROR(S)
